[debug] [2023-04-30T18:20:42.267Z] ----------------------------------------------------------------------
[debug] [2023-04-30T18:20:42.268Z] Command:       C:\Program Files\nodejs\node.exe C:\Users\Shivansh\AppData\Roaming\npm\node_modules\firebase-tools\lib\bin\firebase.js init
[debug] [2023-04-30T18:20:42.269Z] CLI Version:   11.29.1
[debug] [2023-04-30T18:20:42.269Z] Platform:      win32
[debug] [2023-04-30T18:20:42.269Z] Node Version:  v18.14.2
[debug] [2023-04-30T18:20:42.270Z] Time:          Sun Apr 30 2023 23:50:42 GMT+0530 (India Standard Time)
[debug] [2023-04-30T18:20:42.270Z] ----------------------------------------------------------------------
[debug] 
[debug] [2023-04-30T18:20:42.277Z] > command requires scopes: ["email","openid","https://www.googleapis.com/auth/cloudplatformprojects.readonly","https://www.googleapis.com/auth/firebase","https://www.googleapis.com/auth/cloud-platform"]
[debug] [2023-04-30T18:20:42.277Z] > authorizing via signed-in user (shivanshmehta0000@gmail.com)
[info] 
     ######## #### ########  ######## ########     ###     ######  ########
     ##        ##  ##     ## ##       ##     ##  ##   ##  ##       ##
     ######    ##  ########  ######   ########  #########  ######  ######
     ##        ##  ##    ##  ##       ##     ## ##     ##       ## ##
     ##       #### ##     ## ######## ########  ##     ##  ######  ########

You're about to initialize a Firebase project in this directory:

  C:\Users\Shivansh\OneDrive\Desktop\react\REACT+FIREBASE\crud

[info] 
=== Project Setup
[info] 
[info] First, let's associate this project directory with a Firebase project.
[info] You can create multiple project aliases by running firebase use --add, 
[info] but for now we'll just set up a default project.
[info] 
[debug] [2023-04-30T18:21:39.611Z] >>> [apiv2][query] GET https://firebase.googleapis.com/v1beta1/projects pageSize=100
[debug] [2023-04-30T18:21:40.664Z] <<< [apiv2][status] GET https://firebase.googleapis.com/v1beta1/projects 200
[debug] [2023-04-30T18:21:40.664Z] <<< [apiv2][body] GET https://firebase.googleapis.com/v1beta1/projects [omitted]
[info] i  Using project fir-course-cb6a3 (firebasecourse) 
[info] 
=== Hosting Setup
[info] 
[info] Your public directory is the folder (relative to your project directory) that
[info] will contain Hosting assets to be uploaded with firebase deploy. If you
[info] have a build process for your assets, use your build's output directory.
[info] 
[info] +  Wrote public/404.html 
[debug] [2023-04-30T18:23:04.274Z] >>> [apiv2][query] GET https://www.gstatic.com/firebasejs/releases.json [none]
[debug] [2023-04-30T18:23:04.446Z] <<< [apiv2][status] GET https://www.gstatic.com/firebasejs/releases.json 200
[debug] [2023-04-30T18:23:04.446Z] <<< [apiv2][body] GET https://www.gstatic.com/firebasejs/releases.json {"current":{"version":"9.21.0","browserURL":"https://www.gstatic.com/firebasejs/9.21.0/firebase.js","packageURL":"https://www.gstatic.com/firebasejs/9.21.0/firebase.tgz"},"live":{"version":"9.21","browserURL":"https://www.gstatic.com/firebasejs/live/9.21/firebase.js","packageURL":"https://www.gstatic.com/firebasejs/live/9.21/firebase.tgz"},"components":{"analytics":"https://www.gstatic.com/firebasejs/9.21.0/firebase-analytics.js","app":"https://www.gstatic.com/firebasejs/9.21.0/firebase-app.js","app-check":"https://www.gstatic.com/firebasejs/9.21.0/firebase-app-check.js","auth":"https://www.gstatic.com/firebasejs/9.21.0/firebase-auth.js","auth/cordova":"https://www.gstatic.com/firebasejs/9.21.0/firebase-auth/cordova.js","auth/react-native":"https://www.gstatic.com/firebasejs/9.21.0/firebase-auth/react-native.js","functions":"https://www.gstatic.com/firebasejs/9.21.0/firebase-functions.js","firestore":"https://www.gstatic.com/firebasejs/9.21.0/firebase-firestore.js","firestore/lite":"https://www.gstatic.com/firebasejs/9.21.0/firebase-firestore/lite.js","installations":"https://www.gstatic.com/firebasejs/9.21.0/firebase-installations.js","storage":"https://www.gstatic.com/firebasejs/9.21.0/firebase-storage.js","performance":"https://www.gstatic.com/firebasejs/9.21.0/firebase-performance.js","remote-config":"https://www.gstatic.com/firebasejs/9.21.0/firebase-remote-config.js","messaging":"https://www.gstatic.com/firebasejs/9.21.0/firebase-messaging.js","messaging/sw":"https://www.gstatic.com/firebasejs/9.21.0/firebase-messaging/sw.js","database":"https://www.gstatic.com/firebasejs/9.21.0/firebase-database.js","firestore.memory":"https://www.gstatic.com/firebasejs/9.21.0/firebase-firestore.memory.js"}}
[info] i  Skipping write of public/index.html 
[info] 
[info] i  Detected a .git folder at C:\Users\Shivansh 
[info] i  Authorizing with GitHub to upload your service account to a GitHub repository's secrets store. 
[info] 
[info] Visit this URL on this device to log in:
[info] https://github.com/login/oauth/authorize?client_id=89cf50f02ac6aaed3484&state=947547062&redirect_uri=http%3A%2F%2Flocalhost%3A9005&scope=read%3Auser%20repo%20public_repo
[info] 
[info] Waiting for authentication...
[debug] [2023-04-30T18:23:32.953Z] >>> [apiv2][query] POST https://github.com/login/oauth/access_token [none]
[debug] [2023-04-30T18:23:32.954Z] >>> [apiv2][body] POST https://github.com/login/oauth/access_token [stream]
[debug] [2023-04-30T18:23:33.365Z] <<< [apiv2][status] POST https://github.com/login/oauth/access_token 200
[debug] [2023-04-30T18:23:33.365Z] <<< [apiv2][body] POST https://github.com/login/oauth/access_token {"access_token":"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","token_type":"bearer","scope":"read:user,repo"}
[debug] [2023-04-30T18:23:33.373Z] >>> [apiv2][query] GET https://api.github.com/user [none]
[debug] [2023-04-30T18:23:33.804Z] <<< [apiv2][status] GET https://api.github.com/user 200
[debug] [2023-04-30T18:23:33.804Z] <<< [apiv2][body] GET https://api.github.com/user {"login":"ShivanshMehtaa","id":112550037,"node_id":"U_kgDOBrVglQ","avatar_url":"https://avatars.githubusercontent.com/u/112550037?v=4","gravatar_id":"","url":"https://api.github.com/users/ShivanshMehtaa","html_url":"https://github.com/ShivanshMehtaa","followers_url":"https://api.github.com/users/ShivanshMehtaa/followers","following_url":"https://api.github.com/users/ShivanshMehtaa/following{/other_user}","gists_url":"https://api.github.com/users/ShivanshMehtaa/gists{/gist_id}","starred_url":"https://api.github.com/users/ShivanshMehtaa/starred{/owner}{/repo}","subscriptions_url":"https://api.github.com/users/ShivanshMehtaa/subscriptions","organizations_url":"https://api.github.com/users/ShivanshMehtaa/orgs","repos_url":"https://api.github.com/users/ShivanshMehtaa/repos","events_url":"https://api.github.com/users/ShivanshMehtaa/events{/privacy}","received_events_url":"https://api.github.com/users/ShivanshMehtaa/received_events","type":"User","site_admin":false,"name":"Shivansh mehta","company":null,"blog":"","location":null,"email":null,"hireable":null,"bio":"Aspiring web developer with knowledge of various development technologies. Currently, I focus on pursuing machine learning with the help of Python\r\n","twitter_username":null,"public_repos":25,"public_gists":0,"followers":2,"following":0,"created_at":"2022-08-31T09:49:13Z","updated_at":"2023-04-30T18:23:32Z","private_gists":0,"total_private_repos":4,"owned_private_repos":4,"disk_usage":43678,"collaborators":0,"two_factor_authentication":false,"plan":{"name":"pro","space":976562499,"collaborators":0,"private_repos":9999}}
[info] 
[info] +  Success! Logged into GitHub as ShivanshMehtaa 
[info] 
